{
  "stats": {
    "suites": 1,
    "tests": 1,
    "passes": 1,
    "pending": 0,
    "failures": 0,
    "start": "2025-04-24T02:07:49.189Z",
    "end": "2025-04-24T02:08:36.701Z",
    "duration": 47512,
    "testsRegistered": 1,
    "passPercent": 100,
    "pendingPercent": 0,
    "other": 0,
    "hasOther": false,
    "skipped": 0,
    "hasSkipped": false
  },
  "results": [
    {
      "uuid": "8362703c-4979-48df-a802-fb5e93273cb9",
      "title": "",
      "fullFile": "cypress\\e2e\\simple-test.cy.js",
      "file": "cypress\\e2e\\simple-test.cy.js",
      "beforeHooks": [],
      "afterHooks": [],
      "tests": [],
      "suites": [
        {
          "uuid": "355f48e5-3dbe-4863-a470-875a89840fa7",
          "title": "Clippy.io Homepage Test",
          "fullFile": "",
          "file": "",
          "beforeHooks": [],
          "afterHooks": [],
          "tests": [
            {
              "title": "should load the homepage and check title & content",
              "fullTitle": "Clippy.io Homepage Test should load the homepage and check title & content",
              "timedOut": null,
              "duration": 44652,
              "state": "passed",
              "speed": "slow",
              "pass": true,
              "fail": false,
              "pending": false,
              "context": null,
              "code": "// 1. Visit Clippy.io\ncy.visit('https://www.clippy.io');\n// 2. Assert the page title contains 'Clippy'\ncy.title().should('include', 'Clippy');\n// 3. Check if \"Clippy\" or a main heading is visible\ncy.contains('Clippy').should('be.visible'); // Or use another visible element like h1",
              "err": {},
              "uuid": "20622b63-ffec-44e6-98a3-10d3ec820e3a",
              "parentUUID": "355f48e5-3dbe-4863-a470-875a89840fa7",
              "isHook": false,
              "skipped": false
            }
          ],
          "suites": [],
          "passes": [
            "20622b63-ffec-44e6-98a3-10d3ec820e3a"
          ],
          "failures": [],
          "pending": [],
          "skipped": [],
          "duration": 44652,
          "root": false,
          "rootEmpty": false,
          "_timeout": 2000
        }
      ],
      "passes": [],
      "failures": [],
      "pending": [],
      "skipped": [],
      "duration": 0,
      "root": true,
      "rootEmpty": true,
      "_timeout": 2000
    }
  ],
  "meta": {
    "mocha": {
      "version": "7.2.0"
    },
    "mochawesome": {
      "options": {
        "quiet": false,
        "reportFilename": "mochawesome",
        "saveHtml": false,
        "saveJson": true,
        "consoleReporter": "spec",
        "useInlineDiffs": false,
        "code": true
      },
      "version": "7.1.3"
    },
    "marge": {
      "options": {
        "reportDir": "cypress/reports",
        "overwrite": false,
        "html": false,
        "json": true
      },
      "version": "6.2.0"
    }
  }
}