{
  "stats": {
    "suites": 1,
    "tests": 1,
    "passes": 0,
    "pending": 0,
    "failures": 1,
    "start": "2025-04-24T05:27:35.498Z",
    "end": "2025-04-24T05:27:47.803Z",
    "duration": 12305,
    "testsRegistered": 1,
    "passPercent": 0,
    "pendingPercent": 0,
    "other": 0,
    "hasOther": false,
    "skipped": 0,
    "hasSkipped": false
  },
  "results": [
    {
      "uuid": "d6fad02a-05b2-4b97-88cb-a4e246950ff6",
      "title": "",
      "fullFile": "cypress\\e2e\\commands-dropdown.cy.js",
      "file": "cypress\\e2e\\commands-dropdown.cy.js",
      "beforeHooks": [],
      "afterHooks": [],
      "tests": [],
      "suites": [
        {
          "uuid": "81455e43-23a8-41c8-a170-7d00f0dfbeb0",
          "title": "Cypress.io Navigation Test",
          "fullFile": "",
          "file": "",
          "beforeHooks": [],
          "afterHooks": [],
          "tests": [
            {
              "title": "should open Commands dropdown and select Files",
              "fullTitle": "Cypress.io Navigation Test should open Commands dropdown and select Files",
              "timedOut": null,
              "duration": 8886,
              "state": "failed",
              "speed": null,
              "pass": false,
              "fail": true,
              "pending": false,
              "context": null,
              "code": "cy.visit('https://www.cypress.io'); // ✅ Cypress main site\n// Wait for menu to load and click \"Docs\"\ncy.contains('Docs').click();\n// Click the dropdown menu for \"API\"\ncy.contains('API').click();\n// Now click \"Files\" inside API section\ncy.contains('Files').click();\n// Assert the URL contains 'files'\ncy.url().should('include', 'files');",
              "err": {
                "message": "CypressError: Timed out retrying after 4050ms: `cy.click()` failed because this element:\n\n`<a id=\"dropdownDocs\" aria-expanded=\"false\" data-cy=\"dropdown-docs\" href=\"https://on.cypress.io/\" target=\"_blank\" class=\"nav-bar-link menu:nav-bar-link-hover z-10 !flex w-full cursor-pointer items-center justify-between py-[8px] menu:w-auto menu:py-0\">...</a>`\n\nis being covered by another element:\n\n`<span id=\"fab830bb-687c-4e8c-a59e-10b5a2143a55__label\" class=\" osano-cm-content__message osano-cm-message \">This we...</span>`\n\nFix this problem, or use {force: true} to disable error checking.\n\nhttps://on.cypress.io/element-cannot-be-interacted-with",
                "estack": "CypressError: Timed out retrying after 4050ms: `cy.click()` failed because this element:\n\n`<a id=\"dropdownDocs\" aria-expanded=\"false\" data-cy=\"dropdown-docs\" href=\"https://on.cypress.io/\" target=\"_blank\" class=\"nav-bar-link menu:nav-bar-link-hover z-10 !flex w-full cursor-pointer items-center justify-between py-[8px] menu:w-auto menu:py-0\">...</a>`\n\nis being covered by another element:\n\n`<span id=\"fab830bb-687c-4e8c-a59e-10b5a2143a55__label\" class=\" osano-cm-content__message osano-cm-message \">This we...</span>`\n\nFix this problem, or use {force: true} to disable error checking.\n\nhttps://on.cypress.io/element-cannot-be-interacted-with\n    at ensureIsDescendent (https://www.cypress.io/__cypress/runner/cypress_runner.js:111849:68)\n    at ensureDescendents (https://www.cypress.io/__cypress/runner/cypress_runner.js:111900:5)\n    at ensureDescendentsAndScroll (https://www.cypress.io/__cypress/runner/cypress_runner.js:111906:14)\n    at ensureElIsNotCovered (https://www.cypress.io/__cypress/runner/cypress_runner.js:112037:5)\n    at runAllChecks (https://www.cypress.io/__cypress/runner/cypress_runner.js:112217:52)\n    at retryActionability (https://www.cypress.io/__cypress/runner/cypress_runner.js:112254:16)\n    at tryCatcher (https://www.cypress.io/__cypress/runner/cypress_runner.js:1807:23)\n    at Promise.attempt.Promise.try (https://www.cypress.io/__cypress/runner/cypress_runner.js:4315:29)\n    at whenStable (https://www.cypress.io/__cypress/runner/cypress_runner.js:143192:68)\n    at <unknown> (https://www.cypress.io/__cypress/runner/cypress_runner.js:143133:14)\n    at tryCatcher (https://www.cypress.io/__cypress/runner/cypress_runner.js:1807:23)\n    at Promise._settlePromiseFromHandler (https://www.cypress.io/__cypress/runner/cypress_runner.js:1519:31)\n    at Promise._settlePromise (https://www.cypress.io/__cypress/runner/cypress_runner.js:1576:18)\n    at Promise._settlePromise0 (https://www.cypress.io/__cypress/runner/cypress_runner.js:1621:10)\n    at Promise._settlePromises (https://www.cypress.io/__cypress/runner/cypress_runner.js:1701:18)\n    at Promise._fulfill (https://www.cypress.io/__cypress/runner/cypress_runner.js:1645:18)\n    at <unknown> (https://www.cypress.io/__cypress/runner/cypress_runner.js:5450:46)\nFrom Your Spec Code:\n    at Context.eval (webpack://cypress-test-project/./cypress/e2e/commands-dropdown.cy.js:6:26)",
                "diff": null
              },
              "uuid": "0ae01e81-f0d8-4e4c-b56f-d616b2a28047",
              "parentUUID": "81455e43-23a8-41c8-a170-7d00f0dfbeb0",
              "isHook": false,
              "skipped": false
            }
          ],
          "suites": [],
          "passes": [],
          "failures": [
            "0ae01e81-f0d8-4e4c-b56f-d616b2a28047"
          ],
          "pending": [],
          "skipped": [],
          "duration": 8886,
          "root": false,
          "rootEmpty": false,
          "_timeout": 2000
        }
      ],
      "passes": [],
      "failures": [],
      "pending": [],
      "skipped": [],
      "duration": 0,
      "root": true,
      "rootEmpty": true,
      "_timeout": 2000
    }
  ],
  "meta": {
    "mocha": {
      "version": "7.0.1"
    },
    "mochawesome": {
      "options": {
        "quiet": false,
        "reportFilename": "mochawesome",
        "saveHtml": false,
        "saveJson": true,
        "consoleReporter": "spec",
        "useInlineDiffs": false,
        "code": true
      },
      "version": "7.1.3"
    },
    "marge": {
      "options": {
        "reportDir": "cypress/reports",
        "overwrite": false,
        "html": false,
        "json": true
      },
      "version": "6.2.0"
    }
  }
}