{
  "stats": {
    "suites": 1,
    "tests": 1,
    "passes": 0,
    "pending": 0,
    "failures": 1,
    "start": "2025-04-24T01:56:17.077Z",
    "end": "2025-04-24T01:56:26.323Z",
    "duration": 9246,
    "testsRegistered": 1,
    "passPercent": 0,
    "pendingPercent": 0,
    "other": 0,
    "hasOther": false,
    "skipped": 0,
    "hasSkipped": false
  },
  "results": [
    {
      "uuid": "cd3a104c-208e-48ed-aebd-0ab836f187f7",
      "title": "",
      "fullFile": "cypress\\e2e\\commands-dropdown.cy.js",
      "file": "cypress\\e2e\\commands-dropdown.cy.js",
      "beforeHooks": [],
      "afterHooks": [],
      "tests": [],
      "suites": [
        {
          "uuid": "d798448b-0e10-4b47-8172-6894f4c52eb0",
          "title": "Cypress.io Navigation Test",
          "fullFile": "",
          "file": "",
          "beforeHooks": [],
          "afterHooks": [],
          "tests": [
            {
              "title": "should open Commands dropdown and select Files",
              "fullTitle": "Cypress.io Navigation Test should open Commands dropdown and select Files",
              "timedOut": null,
              "duration": 6951,
              "state": "failed",
              "speed": null,
              "pass": false,
              "fail": true,
              "pending": false,
              "context": null,
              "code": "cy.visit('https://www.cypress.io'); // ✅ Cypress main site\n// Wait for menu to load and click \"Docs\"\ncy.contains('Docs').click();\n// Click the dropdown menu for \"API\"\ncy.contains('API').click();\n// Now click \"Files\" inside API section\ncy.contains('Files').click();\n// Assert the URL contains 'files'\ncy.url().should('include', 'files');",
              "err": {
                "message": "CypressError: Timed out retrying after 4050ms: `cy.click()` failed because this element:\n\n`<a id=\"dropdownDocs\" aria-expanded=\"false\" data-cy=\"dropdown-docs\" href=\"https://on.cypress.io/\" target=\"_blank\" class=\"nav-bar-link menu:nav-bar-link-hover z-10 !flex w-full cursor-pointer items-center justify-between py-[8px] menu:w-auto menu:py-0\">...</a>`\n\nis being covered by another element:\n\n`<span id=\"f2d2f36b-4f8a-4a15-af9b-a785accf4979__label\" class=\" osano-cm-content__message osano-cm-message \">This we...</span>`\n\nFix this problem, or use {force: true} to disable error checking.\n\nhttps://on.cypress.io/element-cannot-be-interacted-with",
                "estack": "CypressError: Timed out retrying after 4050ms: `cy.click()` failed because this element:\n\n`<a id=\"dropdownDocs\" aria-expanded=\"false\" data-cy=\"dropdown-docs\" href=\"https://on.cypress.io/\" target=\"_blank\" class=\"nav-bar-link menu:nav-bar-link-hover z-10 !flex w-full cursor-pointer items-center justify-between py-[8px] menu:w-auto menu:py-0\">...</a>`\n\nis being covered by another element:\n\n`<span id=\"f2d2f36b-4f8a-4a15-af9b-a785accf4979__label\" class=\" osano-cm-content__message osano-cm-message \">This we...</span>`\n\nFix this problem, or use {force: true} to disable error checking.\n\nhttps://on.cypress.io/element-cannot-be-interacted-with\n    at ensureIsDescendent (https://www.cypress.io/__cypress/runner/cypress_runner.js:113057:68)\n    at ensureDescendents (https://www.cypress.io/__cypress/runner/cypress_runner.js:113108:5)\n    at ensureDescendentsAndScroll (https://www.cypress.io/__cypress/runner/cypress_runner.js:113114:14)\n    at ensureElIsNotCovered (https://www.cypress.io/__cypress/runner/cypress_runner.js:113245:5)\n    at runAllChecks (https://www.cypress.io/__cypress/runner/cypress_runner.js:113444:52)\n    at retryActionability (https://www.cypress.io/__cypress/runner/cypress_runner.js:113481:16)\n    at tryCatcher (https://www.cypress.io/__cypress/runner/cypress_runner.js:1777:23)\n    at Promise.attempt.Promise.try (https://www.cypress.io/__cypress/runner/cypress_runner.js:4285:29)\n    at whenStable (https://www.cypress.io/__cypress/runner/cypress_runner.js:145828:68)\n    at <unknown> (https://www.cypress.io/__cypress/runner/cypress_runner.js:145769:14)\n    at tryCatcher (https://www.cypress.io/__cypress/runner/cypress_runner.js:1777:23)\n    at Promise._settlePromiseFromHandler (https://www.cypress.io/__cypress/runner/cypress_runner.js:1489:31)\n    at Promise._settlePromise (https://www.cypress.io/__cypress/runner/cypress_runner.js:1546:18)\n    at Promise._settlePromise0 (https://www.cypress.io/__cypress/runner/cypress_runner.js:1591:10)\n    at Promise._settlePromises (https://www.cypress.io/__cypress/runner/cypress_runner.js:1671:18)\n    at Promise._fulfill (https://www.cypress.io/__cypress/runner/cypress_runner.js:1615:18)\n    at <unknown> (https://www.cypress.io/__cypress/runner/cypress_runner.js:5420:46)\nFrom Your Spec Code:\n    at Context.eval (webpack://cypress-test-project/./cypress/e2e/commands-dropdown.cy.js:6:26)",
                "diff": null
              },
              "uuid": "e97599e4-a918-4cf1-ba9e-54f6f7c54e5e",
              "parentUUID": "d798448b-0e10-4b47-8172-6894f4c52eb0",
              "isHook": false,
              "skipped": false
            }
          ],
          "suites": [],
          "passes": [],
          "failures": [
            "e97599e4-a918-4cf1-ba9e-54f6f7c54e5e"
          ],
          "pending": [],
          "skipped": [],
          "duration": 6951,
          "root": false,
          "rootEmpty": false,
          "_timeout": 2000
        }
      ],
      "passes": [],
      "failures": [],
      "pending": [],
      "skipped": [],
      "duration": 0,
      "root": true,
      "rootEmpty": true,
      "_timeout": 2000
    }
  ],
  "meta": {
    "mocha": {
      "version": "7.2.0"
    },
    "mochawesome": {
      "options": {
        "quiet": false,
        "reportFilename": "mochawesome",
        "saveHtml": false,
        "saveJson": true,
        "consoleReporter": "spec",
        "useInlineDiffs": false,
        "code": true
      },
      "version": "7.1.3"
    },
    "marge": {
      "options": {
        "reportDir": "cypress/reports",
        "overwrite": false,
        "html": false,
        "json": true
      },
      "version": "6.2.0"
    }
  }
}