{
  "stats": {
    "suites": 1,
    "tests": 1,
    "passes": 1,
    "pending": 0,
    "failures": 0,
    "start": "2025-04-24T05:31:40.510Z",
    "end": "2025-04-24T05:32:28.557Z",
    "duration": 48047,
    "testsRegistered": 1,
    "passPercent": 100,
    "pendingPercent": 0,
    "other": 0,
    "hasOther": false,
    "skipped": 0,
    "hasSkipped": false
  },
  "results": [
    {
      "uuid": "ca351bb4-8af2-4c2f-8645-3aa1f530d071",
      "title": "",
      "fullFile": "cypress\\e2e\\simple-test.cy.js",
      "file": "cypress\\e2e\\simple-test.cy.js",
      "beforeHooks": [],
      "afterHooks": [],
      "tests": [],
      "suites": [
        {
          "uuid": "fee171aa-3d60-482e-a494-62c843dd6948",
          "title": "Clippy.io Homepage Test",
          "fullFile": "",
          "file": "",
          "beforeHooks": [],
          "afterHooks": [],
          "tests": [
            {
              "title": "should load the homepage and check title & content",
              "fullTitle": "Clippy.io Homepage Test should load the homepage and check title & content",
              "timedOut": null,
              "duration": 44875,
              "state": "passed",
              "speed": "slow",
              "pass": true,
              "fail": false,
              "pending": false,
              "context": null,
              "code": "// 1. Visit Clippy.io\ncy.visit('https://www.clippy.io');\n// 2. Assert the page title contains 'Clippy'\ncy.title().should('include', 'Clippy');\n// 3. Check if \"Clippy\" or a main heading is visible\ncy.contains('Clippy').should('be.visible'); // Or use another visible element like h1",
              "err": {},
              "uuid": "a7c1e674-e15b-418f-a18c-7a23c2d52ccf",
              "parentUUID": "fee171aa-3d60-482e-a494-62c843dd6948",
              "isHook": false,
              "skipped": false
            }
          ],
          "suites": [],
          "passes": [
            "a7c1e674-e15b-418f-a18c-7a23c2d52ccf"
          ],
          "failures": [],
          "pending": [],
          "skipped": [],
          "duration": 44875,
          "root": false,
          "rootEmpty": false,
          "_timeout": 2000
        }
      ],
      "passes": [],
      "failures": [],
      "pending": [],
      "skipped": [],
      "duration": 0,
      "root": true,
      "rootEmpty": true,
      "_timeout": 2000
    }
  ],
  "meta": {
    "mocha": {
      "version": "7.2.0"
    },
    "mochawesome": {
      "options": {
        "quiet": false,
        "reportFilename": "mochawesome",
        "saveHtml": false,
        "saveJson": true,
        "consoleReporter": "spec",
        "useInlineDiffs": false,
        "code": true
      },
      "version": "7.1.3"
    },
    "marge": {
      "options": {
        "reportDir": "cypress/reports",
        "overwrite": false,
        "html": false,
        "json": true
      },
      "version": "6.2.0"
    }
  }
}